2025-02-11 20:08:28,277 [ 1] INFO  Unity: LoadingManager start
2025-02-11 20:08:31,475 [ 1] INFO  Unity: DataManager > DataManager()
2025-02-11 20:08:45,312 [ 1] INFO  Unity: UserLoginRequest::user :fumaoyu psw:111111
2025-02-11 20:08:45,314 [ 1] INFO  Unity: ConnectToServer() Start 
2025-02-11 20:08:45,314 [ 1] INFO  Unity: DoConnect
2025-02-11 20:08:45,315 [ 1] INFO  Unity: NetClient.DoConnect on 127.0.0.1:8000
2025-02-11 20:08:45,317 [ 1] INFO  Unity: Connect[0] to server 127.0.0.1:8000

2025-02-11 20:08:45,323 [ 1] INFO  Unity: LoadingMesager::OnGameServerConnect :0 reason:Success
2025-02-11 20:08:45,430 [ 1] INFO  Unity: OnLogin:Success [None]
2025-02-11 20:08:45,431 [ 1] INFO  Unity: LoadLevel: CharSelect
2025-02-11 20:08:45,775 [ 1] INFO  Unity: LevelLoadCompleted:1
2025-02-11 20:08:45,776 [ 1] INFO  Unity: Yes create character
2025-02-11 20:08:45,788 [ 1] INFO  Unity: 5
2025-02-11 20:08:45,795 [ 1] INFO  Unity: There are 2 audio listeners in the scene. Please ensure there is always exactly one audio listener in the scene.
2025-02-11 20:08:45,825 [ 1] INFO  Unity: There are 2 audio listeners in the scene. Please ensure there is always exactly one audio listener in the scene.
2025-02-11 20:08:45,881 [ 1] INFO  Unity: There are 2 audio listeners in the scene. Please ensure there is always exactly one audio listener in the scene.
2025-02-11 20:08:45,896 [ 1] INFO  Unity: There are 2 audio listeners in the scene. Please ensure there is always exactly one audio listener in the scene.
2025-02-11 20:08:45,898 [ 1] INFO  Unity: There are 2 audio listeners in the scene. Please ensure there is always exactly one audio listener in the scene.
2025-02-11 20:08:45,913 [ 1] INFO  Unity: There are 2 audio listeners in the scene. Please ensure there is always exactly one audio listener in the scene.
2025-02-11 20:08:45,915 [ 1] INFO  Unity: There are 2 audio listeners in the scene. Please ensure there is always exactly one audio listener in the scene.
2025-02-11 20:08:45,930 [ 1] INFO  Unity: There are 2 audio listeners in the scene. Please ensure there is always exactly one audio listener in the scene.
2025-02-11 20:08:45,931 [ 1] INFO  Unity: There are 2 audio listeners in the scene. Please ensure there is always exactly one audio listener in the scene.
2025-02-11 20:08:45,946 [ 1] INFO  Unity: There are 2 audio listeners in the scene. Please ensure there is always exactly one audio listener in the scene.
2025-02-11 20:08:45,947 [ 1] INFO  Unity: There are 2 audio listeners in the scene. Please ensure there is always exactly one audio listener in the scene.
2025-02-11 20:08:45,963 [ 1] INFO  Unity: There are 2 audio listeners in the scene. Please ensure there is always exactly one audio listener in the scene.
2025-02-11 20:08:45,964 [ 1] INFO  Unity: There are 2 audio listeners in the scene. Please ensure there is always exactly one audio listener in the scene.
2025-02-11 20:08:45,979 [ 1] INFO  Unity: There are 2 audio listeners in the scene. Please ensure there is always exactly one audio listener in the scene.
2025-02-11 20:08:45,981 [ 1] INFO  Unity: There are 2 audio listeners in the scene. Please ensure there is always exactly one audio listener in the scene.
2025-02-11 20:08:45,997 [ 1] INFO  Unity: There are 2 audio listeners in the scene. Please ensure there is always exactly one audio listener in the scene.
2025-02-11 20:08:45,998 [ 1] INFO  Unity: There are 2 audio listeners in the scene. Please ensure there is always exactly one audio listener in the scene.
2025-02-11 20:08:46,013 [ 1] INFO  Unity: There are 2 audio listeners in the scene. Please ensure there is always exactly one audio listener in the scene.
2025-02-11 20:08:46,015 [ 1] INFO  Unity: There are 2 audio listeners in the scene. Please ensure there is always exactly one audio listener in the scene.
2025-02-11 20:08:46,029 [ 1] INFO  Unity: There are 2 audio listeners in the scene. Please ensure there is always exactly one audio listener in the scene.
2025-02-11 20:08:46,032 [ 1] INFO  Unity: There are 2 audio listeners in the scene. Please ensure there is always exactly one audio listener in the scene.
2025-02-11 20:08:46,046 [ 1] INFO  Unity: There are 2 audio listeners in the scene. Please ensure there is always exactly one audio listener in the scene.
2025-02-11 20:08:46,048 [ 1] INFO  Unity: There are 2 audio listeners in the scene. Please ensure there is always exactly one audio listener in the scene.
2025-02-11 20:08:46,062 [ 1] INFO  Unity: There are 2 audio listeners in the scene. Please ensure there is always exactly one audio listener in the scene.
2025-02-11 20:08:46,064 [ 1] INFO  Unity: There are 2 audio listeners in the scene. Please ensure there is always exactly one audio listener in the scene.
2025-02-11 20:08:46,079 [ 1] INFO  Unity: There are 2 audio listeners in the scene. Please ensure there is always exactly one audio listener in the scene.
2025-02-11 20:08:46,082 [ 1] INFO  Unity: There are 2 audio listeners in the scene. Please ensure there is always exactly one audio listener in the scene.
2025-02-11 20:08:46,095 [ 1] INFO  Unity: There are 2 audio listeners in the scene. Please ensure there is always exactly one audio listener in the scene.
2025-02-11 20:08:46,098 [ 1] INFO  Unity: There are 2 audio listeners in the scene. Please ensure there is always exactly one audio listener in the scene.
2025-02-11 20:08:46,112 [ 1] INFO  Unity: There are 2 audio listeners in the scene. Please ensure there is always exactly one audio listener in the scene.
2025-02-11 20:08:46,117 [ 1] INFO  Unity: There are 2 audio listeners in the scene. Please ensure there is always exactly one audio listener in the scene.
2025-02-11 20:08:46,129 [ 1] INFO  Unity: There are 2 audio listeners in the scene. Please ensure there is always exactly one audio listener in the scene.
2025-02-11 20:08:46,132 [ 1] INFO  Unity: There are 2 audio listeners in the scene. Please ensure there is always exactly one audio listener in the scene.
2025-02-11 20:08:46,146 [ 1] INFO  Unity: There are 2 audio listeners in the scene. Please ensure there is always exactly one audio listener in the scene.
2025-02-11 20:08:46,150 [ 1] INFO  Unity: There are 2 audio listeners in the scene. Please ensure there is always exactly one audio listener in the scene.
2025-02-11 20:08:46,163 [ 1] INFO  Unity: There are 2 audio listeners in the scene. Please ensure there is always exactly one audio listener in the scene.
2025-02-11 20:08:46,166 [ 1] INFO  Unity: There are 2 audio listeners in the scene. Please ensure there is always exactly one audio listener in the scene.
2025-02-11 20:08:46,180 [ 1] INFO  Unity: There are 2 audio listeners in the scene. Please ensure there is always exactly one audio listener in the scene.
2025-02-11 20:08:46,183 [ 1] INFO  Unity: There are 2 audio listeners in the scene. Please ensure there is always exactly one audio listener in the scene.
2025-02-11 20:08:46,197 [ 1] INFO  Unity: There are 2 audio listeners in the scene. Please ensure there is always exactly one audio listener in the scene.
2025-02-11 20:08:46,199 [ 1] INFO  Unity: There are 2 audio listeners in the scene. Please ensure there is always exactly one audio listener in the scene.
2025-02-11 20:08:46,213 [ 1] INFO  Unity: There are 2 audio listeners in the scene. Please ensure there is always exactly one audio listener in the scene.
2025-02-11 20:08:46,217 [ 1] INFO  Unity: There are 2 audio listeners in the scene. Please ensure there is always exactly one audio listener in the scene.
2025-02-11 20:08:46,230 [ 1] INFO  Unity: There are 2 audio listeners in the scene. Please ensure there is always exactly one audio listener in the scene.
2025-02-11 20:08:46,232 [ 1] INFO  Unity: There are 2 audio listeners in the scene. Please ensure there is always exactly one audio listener in the scene.
2025-02-11 20:08:46,246 [ 1] INFO  Unity: There are 2 audio listeners in the scene. Please ensure there is always exactly one audio listener in the scene.
2025-02-11 20:08:46,248 [ 1] INFO  Unity: There are 2 audio listeners in the scene. Please ensure there is always exactly one audio listener in the scene.
2025-02-11 20:08:46,263 [ 1] INFO  Unity: There are 2 audio listeners in the scene. Please ensure there is always exactly one audio listener in the scene.
2025-02-11 20:08:46,266 [ 1] INFO  Unity: There are 2 audio listeners in the scene. Please ensure there is always exactly one audio listener in the scene.
2025-02-11 20:08:46,279 [ 1] INFO  Unity: There are 2 audio listeners in the scene. Please ensure there is always exactly one audio listener in the scene.
2025-02-11 20:08:46,281 [ 1] INFO  Unity: There are 2 audio listeners in the scene. Please ensure there is always exactly one audio listener in the scene.
2025-02-11 20:08:46,296 [ 1] INFO  Unity: There are 2 audio listeners in the scene. Please ensure there is always exactly one audio listener in the scene.
2025-02-11 20:08:46,300 [ 1] INFO  Unity: There are 2 audio listeners in the scene. Please ensure there is always exactly one audio listener in the scene.
2025-02-11 20:08:46,312 [ 1] INFO  Unity: There are 2 audio listeners in the scene. Please ensure there is always exactly one audio listener in the scene.
2025-02-11 20:08:46,315 [ 1] INFO  Unity: There are 2 audio listeners in the scene. Please ensure there is always exactly one audio listener in the scene.
2025-02-11 20:08:46,329 [ 1] INFO  Unity: There are 2 audio listeners in the scene. Please ensure there is always exactly one audio listener in the scene.
2025-02-11 20:08:46,331 [ 1] INFO  Unity: There are 2 audio listeners in the scene. Please ensure there is always exactly one audio listener in the scene.
2025-02-11 20:08:46,346 [ 1] INFO  Unity: There are 2 audio listeners in the scene. Please ensure there is always exactly one audio listener in the scene.
2025-02-11 20:08:46,348 [ 1] INFO  Unity: There are 2 audio listeners in the scene. Please ensure there is always exactly one audio listener in the scene.
2025-02-11 20:08:46,361 [ 1] INFO  Unity: There are 2 audio listeners in the scene. Please ensure there is always exactly one audio listener in the scene.
2025-02-11 20:08:46,364 [ 1] INFO  Unity: There are 2 audio listeners in the scene. Please ensure there is always exactly one audio listener in the scene.
2025-02-11 20:08:46,378 [ 1] INFO  Unity: There are 2 audio listeners in the scene. Please ensure there is always exactly one audio listener in the scene.
2025-02-11 20:08:46,380 [ 1] INFO  Unity: There are 2 audio listeners in the scene. Please ensure there is always exactly one audio listener in the scene.
2025-02-11 20:08:46,395 [ 1] INFO  Unity: There are 2 audio listeners in the scene. Please ensure there is always exactly one audio listener in the scene.
2025-02-11 20:08:46,397 [ 1] INFO  Unity: There are 2 audio listeners in the scene. Please ensure there is always exactly one audio listener in the scene.
2025-02-11 20:08:46,411 [ 1] INFO  Unity: There are 2 audio listeners in the scene. Please ensure there is always exactly one audio listener in the scene.
2025-02-11 20:08:46,414 [ 1] INFO  Unity: There are 2 audio listeners in the scene. Please ensure there is always exactly one audio listener in the scene.
2025-02-11 20:08:46,428 [ 1] INFO  Unity: There are 2 audio listeners in the scene. Please ensure there is always exactly one audio listener in the scene.
2025-02-11 20:08:46,431 [ 1] INFO  Unity: There are 2 audio listeners in the scene. Please ensure there is always exactly one audio listener in the scene.
2025-02-11 20:08:46,445 [ 1] INFO  Unity: There are 2 audio listeners in the scene. Please ensure there is always exactly one audio listener in the scene.
2025-02-11 20:08:46,447 [ 1] INFO  Unity: There are 2 audio listeners in the scene. Please ensure there is always exactly one audio listener in the scene.
2025-02-11 20:08:46,462 [ 1] INFO  Unity: There are 2 audio listeners in the scene. Please ensure there is always exactly one audio listener in the scene.
2025-02-11 20:08:46,464 [ 1] INFO  Unity: There are 2 audio listeners in the scene. Please ensure there is always exactly one audio listener in the scene.
2025-02-11 20:08:46,478 [ 1] INFO  Unity: There are 2 audio listeners in the scene. Please ensure there is always exactly one audio listener in the scene.
2025-02-11 20:08:46,481 [ 1] INFO  Unity: There are 2 audio listeners in the scene. Please ensure there is always exactly one audio listener in the scene.
2025-02-11 20:08:46,494 [ 1] INFO  Unity: There are 2 audio listeners in the scene. Please ensure there is always exactly one audio listener in the scene.
2025-02-11 20:08:46,498 [ 1] INFO  Unity: There are 2 audio listeners in the scene. Please ensure there is always exactly one audio listener in the scene.
2025-02-11 20:08:46,511 [ 1] INFO  Unity: There are 2 audio listeners in the scene. Please ensure there is always exactly one audio listener in the scene.
2025-02-11 20:08:46,514 [ 1] INFO  Unity: There are 2 audio listeners in the scene. Please ensure there is always exactly one audio listener in the scene.
2025-02-11 20:08:46,528 [ 1] INFO  Unity: There are 2 audio listeners in the scene. Please ensure there is always exactly one audio listener in the scene.
2025-02-11 20:08:46,530 [ 1] INFO  Unity: There are 2 audio listeners in the scene. Please ensure there is always exactly one audio listener in the scene.
2025-02-11 20:08:46,545 [ 1] INFO  Unity: There are 2 audio listeners in the scene. Please ensure there is always exactly one audio listener in the scene.
2025-02-11 20:08:46,547 [ 1] INFO  Unity: There are 2 audio listeners in the scene. Please ensure there is always exactly one audio listener in the scene.
2025-02-11 20:08:46,567 [ 1] INFO  Unity: There are 2 audio listeners in the scene. Please ensure there is always exactly one audio listener in the scene.
2025-02-11 20:08:46,571 [ 1] INFO  Unity: There are 2 audio listeners in the scene. Please ensure there is always exactly one audio listener in the scene.
2025-02-11 20:08:46,584 [ 1] INFO  Unity: There are 2 audio listeners in the scene. Please ensure there is always exactly one audio listener in the scene.
2025-02-11 20:08:46,586 [ 1] INFO  Unity: There are 2 audio listeners in the scene. Please ensure there is always exactly one audio listener in the scene.
2025-02-11 20:08:46,600 [ 1] INFO  Unity: There are 2 audio listeners in the scene. Please ensure there is always exactly one audio listener in the scene.
2025-02-11 20:08:46,603 [ 1] INFO  Unity: There are 2 audio listeners in the scene. Please ensure there is always exactly one audio listener in the scene.
2025-02-11 20:08:46,617 [ 1] INFO  Unity: There are 2 audio listeners in the scene. Please ensure there is always exactly one audio listener in the scene.
2025-02-11 20:08:46,621 [ 1] INFO  Unity: There are 2 audio listeners in the scene. Please ensure there is always exactly one audio listener in the scene.
2025-02-11 20:08:46,635 [ 1] INFO  Unity: There are 2 audio listeners in the scene. Please ensure there is always exactly one audio listener in the scene.
2025-02-11 20:08:46,636 [ 1] INFO  Unity: There are 2 audio listeners in the scene. Please ensure there is always exactly one audio listener in the scene.
2025-02-11 20:08:46,650 [ 1] INFO  Unity: There are 2 audio listeners in the scene. Please ensure there is always exactly one audio listener in the scene.
2025-02-11 20:08:46,652 [ 1] INFO  Unity: There are 2 audio listeners in the scene. Please ensure there is always exactly one audio listener in the scene.
2025-02-11 20:08:46,667 [ 1] INFO  Unity: There are 2 audio listeners in the scene. Please ensure there is always exactly one audio listener in the scene.
2025-02-11 20:08:46,669 [ 1] INFO  Unity: There are 2 audio listeners in the scene. Please ensure there is always exactly one audio listener in the scene.
2025-02-11 20:08:46,683 [ 1] INFO  Unity: There are 2 audio listeners in the scene. Please ensure there is always exactly one audio listener in the scene.
2025-02-11 20:08:46,684 [ 1] INFO  Unity: There are 2 audio listeners in the scene. Please ensure there is always exactly one audio listener in the scene.
2025-02-11 20:08:46,700 [ 1] INFO  Unity: There are 2 audio listeners in the scene. Please ensure there is always exactly one audio listener in the scene.
2025-02-11 20:08:46,702 [ 1] INFO  Unity: There are 2 audio listeners in the scene. Please ensure there is always exactly one audio listener in the scene.
2025-02-11 20:08:46,716 [ 1] INFO  Unity: There are 2 audio listeners in the scene. Please ensure there is always exactly one audio listener in the scene.
2025-02-11 20:08:46,719 [ 1] INFO  Unity: There are 2 audio listeners in the scene. Please ensure there is always exactly one audio listener in the scene.
2025-02-11 20:08:46,733 [ 1] INFO  Unity: There are 2 audio listeners in the scene. Please ensure there is always exactly one audio listener in the scene.
2025-02-11 20:08:46,735 [ 1] INFO  Unity: There are 2 audio listeners in the scene. Please ensure there is always exactly one audio listener in the scene.
2025-02-11 20:08:46,749 [ 1] INFO  Unity: There are 2 audio listeners in the scene. Please ensure there is always exactly one audio listener in the scene.
2025-02-11 20:08:46,751 [ 1] INFO  Unity: There are 2 audio listeners in the scene. Please ensure there is always exactly one audio listener in the scene.
2025-02-11 20:08:46,765 [ 1] INFO  Unity: There are 2 audio listeners in the scene. Please ensure there is always exactly one audio listener in the scene.
2025-02-11 20:08:46,768 [ 1] INFO  Unity: There are 2 audio listeners in the scene. Please ensure there is always exactly one audio listener in the scene.
2025-02-11 20:08:46,783 [ 1] INFO  Unity: There are 2 audio listeners in the scene. Please ensure there is always exactly one audio listener in the scene.
2025-02-11 20:08:46,784 [ 1] INFO  Unity: There are 2 audio listeners in the scene. Please ensure there is always exactly one audio listener in the scene.
2025-02-11 20:08:46,799 [ 1] INFO  Unity: There are 2 audio listeners in the scene. Please ensure there is always exactly one audio listener in the scene.
2025-02-11 20:08:46,802 [ 1] INFO  Unity: There are 2 audio listeners in the scene. Please ensure there is always exactly one audio listener in the scene.
2025-02-11 20:08:46,816 [ 1] INFO  Unity: There are 2 audio listeners in the scene. Please ensure there is always exactly one audio listener in the scene.
2025-02-11 20:08:46,817 [ 1] INFO  Unity: There are 2 audio listeners in the scene. Please ensure there is always exactly one audio listener in the scene.
2025-02-11 20:08:46,832 [ 1] INFO  Unity: There are 2 audio listeners in the scene. Please ensure there is always exactly one audio listener in the scene.
2025-02-11 20:08:46,834 [ 1] INFO  Unity: Select Char:[1]1[Warrior]
2025-02-11 20:08:46,841 [ 1] INFO  Unity: Yes create character
2025-02-11 20:08:46,844 [ 1] INFO  Unity: 5
2025-02-11 20:08:46,844 [ 1] INFO  Unity: There are 2 audio listeners in the scene. Please ensure there is always exactly one audio listener in the scene.
2025-02-11 20:08:46,847 [ 1] INFO  Unity: There are 2 audio listeners in the scene. Please ensure there is always exactly one audio listener in the scene.
2025-02-11 20:08:46,850 [ 1] INFO  Unity: There are 2 audio listeners in the scene. Please ensure there is always exactly one audio listener in the scene.
2025-02-11 20:08:46,866 [ 1] INFO  Unity: There are 2 audio listeners in the scene. Please ensure there is always exactly one audio listener in the scene.
2025-02-11 20:08:46,869 [ 1] INFO  Unity: There are 2 audio listeners in the scene. Please ensure there is always exactly one audio listener in the scene.
2025-02-11 20:08:46,883 [ 1] INFO  Unity: There are 2 audio listeners in the scene. Please ensure there is always exactly one audio listener in the scene.
2025-02-11 20:08:46,886 [ 1] INFO  Unity: There are 2 audio listeners in the scene. Please ensure there is always exactly one audio listener in the scene.
2025-02-11 20:08:46,899 [ 1] INFO  Unity: There are 2 audio listeners in the scene. Please ensure there is always exactly one audio listener in the scene.
2025-02-11 20:08:46,902 [ 1] INFO  Unity: There are 2 audio listeners in the scene. Please ensure there is always exactly one audio listener in the scene.
2025-02-11 20:08:46,916 [ 1] INFO  Unity: There are 2 audio listeners in the scene. Please ensure there is always exactly one audio listener in the scene.
2025-02-11 20:08:46,919 [ 1] INFO  Unity: There are 2 audio listeners in the scene. Please ensure there is always exactly one audio listener in the scene.
2025-02-11 20:08:46,932 [ 1] INFO  Unity: There are 2 audio listeners in the scene. Please ensure there is always exactly one audio listener in the scene.
2025-02-11 20:08:46,933 [ 1] INFO  Unity: There are 2 audio listeners in the scene. Please ensure there is always exactly one audio listener in the scene.
2025-02-11 20:08:46,948 [ 1] INFO  Unity: There are 2 audio listeners in the scene. Please ensure there is always exactly one audio listener in the scene.
2025-02-11 20:08:46,951 [ 1] INFO  Unity: There are 2 audio listeners in the scene. Please ensure there is always exactly one audio listener in the scene.
2025-02-11 20:08:46,965 [ 1] INFO  Unity: There are 2 audio listeners in the scene. Please ensure there is always exactly one audio listener in the scene.
2025-02-11 20:08:46,967 [ 1] INFO  Unity: There are 2 audio listeners in the scene. Please ensure there is always exactly one audio listener in the scene.
2025-02-11 20:08:46,982 [ 1] INFO  Unity: There are 2 audio listeners in the scene. Please ensure there is always exactly one audio listener in the scene.
2025-02-11 20:08:46,983 [ 1] INFO  Unity: There are 2 audio listeners in the scene. Please ensure there is always exactly one audio listener in the scene.
2025-02-11 20:08:46,998 [ 1] INFO  Unity: There are 2 audio listeners in the scene. Please ensure there is always exactly one audio listener in the scene.
2025-02-11 20:08:46,999 [ 1] INFO  Unity: There are 2 audio listeners in the scene. Please ensure there is always exactly one audio listener in the scene.
2025-02-11 20:08:47,015 [ 1] INFO  Unity: There are 2 audio listeners in the scene. Please ensure there is always exactly one audio listener in the scene.
2025-02-11 20:08:47,017 [ 1] INFO  Unity: There are 2 audio listeners in the scene. Please ensure there is always exactly one audio listener in the scene.
2025-02-11 20:08:47,032 [ 1] INFO  Unity: There are 2 audio listeners in the scene. Please ensure there is always exactly one audio listener in the scene.
2025-02-11 20:08:47,034 [ 1] INFO  Unity: There are 2 audio listeners in the scene. Please ensure there is always exactly one audio listener in the scene.
2025-02-11 20:08:47,047 [ 1] INFO  Unity: There are 2 audio listeners in the scene. Please ensure there is always exactly one audio listener in the scene.
2025-02-11 20:08:47,049 [ 1] INFO  Unity: There are 2 audio listeners in the scene. Please ensure there is always exactly one audio listener in the scene.
2025-02-11 20:08:47,064 [ 1] INFO  Unity: There are 2 audio listeners in the scene. Please ensure there is always exactly one audio listener in the scene.
2025-02-11 20:08:47,066 [ 1] INFO  Unity: There are 2 audio listeners in the scene. Please ensure there is always exactly one audio listener in the scene.
2025-02-11 20:08:47,080 [ 1] INFO  Unity: There are 2 audio listeners in the scene. Please ensure there is always exactly one audio listener in the scene.
2025-02-11 20:08:47,083 [ 1] INFO  Unity: There are 2 audio listeners in the scene. Please ensure there is always exactly one audio listener in the scene.
2025-02-11 20:08:47,098 [ 1] INFO  Unity: There are 2 audio listeners in the scene. Please ensure there is always exactly one audio listener in the scene.
2025-02-11 20:08:47,102 [ 1] INFO  Unity: There are 2 audio listeners in the scene. Please ensure there is always exactly one audio listener in the scene.
2025-02-11 20:08:47,114 [ 1] INFO  Unity: There are 2 audio listeners in the scene. Please ensure there is always exactly one audio listener in the scene.
2025-02-11 20:08:47,116 [ 1] INFO  Unity: There are 2 audio listeners in the scene. Please ensure there is always exactly one audio listener in the scene.
2025-02-11 20:08:47,131 [ 1] INFO  Unity: There are 2 audio listeners in the scene. Please ensure there is always exactly one audio listener in the scene.
2025-02-11 20:08:47,135 [ 1] INFO  Unity: There are 2 audio listeners in the scene. Please ensure there is always exactly one audio listener in the scene.
2025-02-11 20:08:47,147 [ 1] INFO  Unity: There are 2 audio listeners in the scene. Please ensure there is always exactly one audio listener in the scene.
2025-02-11 20:08:47,150 [ 1] INFO  Unity: There are 2 audio listeners in the scene. Please ensure there is always exactly one audio listener in the scene.
2025-02-11 20:08:47,164 [ 1] INFO  Unity: There are 2 audio listeners in the scene. Please ensure there is always exactly one audio listener in the scene.
2025-02-11 20:08:47,166 [ 1] INFO  Unity: There are 2 audio listeners in the scene. Please ensure there is always exactly one audio listener in the scene.
2025-02-11 20:08:47,180 [ 1] INFO  Unity: There are 2 audio listeners in the scene. Please ensure there is always exactly one audio listener in the scene.
2025-02-11 20:08:47,183 [ 1] INFO  Unity: There are 2 audio listeners in the scene. Please ensure there is always exactly one audio listener in the scene.
2025-02-11 20:08:47,197 [ 1] INFO  Unity: There are 2 audio listeners in the scene. Please ensure there is always exactly one audio listener in the scene.
2025-02-11 20:08:47,199 [ 1] INFO  Unity: There are 2 audio listeners in the scene. Please ensure there is always exactly one audio listener in the scene.
2025-02-11 20:08:47,213 [ 1] INFO  Unity: There are 2 audio listeners in the scene. Please ensure there is always exactly one audio listener in the scene.
2025-02-11 20:08:47,216 [ 1] INFO  Unity: There are 2 audio listeners in the scene. Please ensure there is always exactly one audio listener in the scene.
2025-02-11 20:08:47,231 [ 1] INFO  Unity: There are 2 audio listeners in the scene. Please ensure there is always exactly one audio listener in the scene.
2025-02-11 20:08:47,232 [ 1] INFO  Unity: There are 2 audio listeners in the scene. Please ensure there is always exactly one audio listener in the scene.
2025-02-11 20:08:47,246 [ 1] INFO  Unity: There are 2 audio listeners in the scene. Please ensure there is always exactly one audio listener in the scene.
2025-02-11 20:08:47,249 [ 1] INFO  Unity: There are 2 audio listeners in the scene. Please ensure there is always exactly one audio listener in the scene.
2025-02-11 20:08:47,263 [ 1] INFO  Unity: There are 2 audio listeners in the scene. Please ensure there is always exactly one audio listener in the scene.
2025-02-11 20:08:47,265 [ 1] INFO  Unity: There are 2 audio listeners in the scene. Please ensure there is always exactly one audio listener in the scene.
2025-02-11 20:08:47,279 [ 1] INFO  Unity: There are 2 audio listeners in the scene. Please ensure there is always exactly one audio listener in the scene.
2025-02-11 20:08:47,282 [ 1] INFO  Unity: There are 2 audio listeners in the scene. Please ensure there is always exactly one audio listener in the scene.
2025-02-11 20:08:47,296 [ 1] INFO  Unity: There are 2 audio listeners in the scene. Please ensure there is always exactly one audio listener in the scene.
2025-02-11 20:08:47,298 [ 1] INFO  Unity: There are 2 audio listeners in the scene. Please ensure there is always exactly one audio listener in the scene.
2025-02-11 20:08:47,313 [ 1] INFO  Unity: There are 2 audio listeners in the scene. Please ensure there is always exactly one audio listener in the scene.
2025-02-11 20:08:47,316 [ 1] INFO  Unity: There are 2 audio listeners in the scene. Please ensure there is always exactly one audio listener in the scene.
2025-02-11 20:08:47,329 [ 1] INFO  Unity: There are 2 audio listeners in the scene. Please ensure there is always exactly one audio listener in the scene.
2025-02-11 20:08:47,332 [ 1] INFO  Unity: There are 2 audio listeners in the scene. Please ensure there is always exactly one audio listener in the scene.
2025-02-11 20:08:47,346 [ 1] INFO  Unity: There are 2 audio listeners in the scene. Please ensure there is always exactly one audio listener in the scene.
2025-02-11 20:08:47,349 [ 1] INFO  Unity: There are 2 audio listeners in the scene. Please ensure there is always exactly one audio listener in the scene.
2025-02-11 20:08:47,362 [ 1] INFO  Unity: There are 2 audio listeners in the scene. Please ensure there is always exactly one audio listener in the scene.
2025-02-11 20:08:47,366 [ 1] INFO  Unity: There are 2 audio listeners in the scene. Please ensure there is always exactly one audio listener in the scene.
2025-02-11 20:08:47,379 [ 1] INFO  Unity: There are 2 audio listeners in the scene. Please ensure there is always exactly one audio listener in the scene.
2025-02-11 20:08:47,395 [ 1] INFO  Unity: There are 2 audio listeners in the scene. Please ensure there is always exactly one audio listener in the scene.
2025-02-11 20:08:47,397 [ 1] INFO  Unity: There are 2 audio listeners in the scene. Please ensure there is always exactly one audio listener in the scene.
2025-02-11 20:08:47,413 [ 1] INFO  Unity: There are 2 audio listeners in the scene. Please ensure there is always exactly one audio listener in the scene.
2025-02-11 20:08:47,415 [ 1] INFO  Unity: There are 2 audio listeners in the scene. Please ensure there is always exactly one audio listener in the scene.
2025-02-11 20:08:47,417 [ 1] INFO  Unity: There are 2 audio listeners in the scene. Please ensure there is always exactly one audio listener in the scene.
2025-02-11 20:08:47,429 [ 1] INFO  Unity: There are 2 audio listeners in the scene. Please ensure there is always exactly one audio listener in the scene.
2025-02-11 20:08:47,431 [ 1] INFO  Unity: There are 2 audio listeners in the scene. Please ensure there is always exactly one audio listener in the scene.
2025-02-11 20:08:47,447 [ 1] INFO  Unity: There are 2 audio listeners in the scene. Please ensure there is always exactly one audio listener in the scene.
2025-02-11 20:08:47,448 [ 1] INFO  Unity: There are 2 audio listeners in the scene. Please ensure there is always exactly one audio listener in the scene.
2025-02-11 20:08:47,463 [ 1] INFO  Unity: There are 2 audio listeners in the scene. Please ensure there is always exactly one audio listener in the scene.
2025-02-11 20:08:47,479 [ 1] INFO  Unity: There are 2 audio listeners in the scene. Please ensure there is always exactly one audio listener in the scene.
2025-02-11 20:08:47,482 [ 1] INFO  Unity: There are 2 audio listeners in the scene. Please ensure there is always exactly one audio listener in the scene.
2025-02-11 20:08:47,496 [ 1] INFO  Unity: There are 2 audio listeners in the scene. Please ensure there is always exactly one audio listener in the scene.
2025-02-11 20:08:47,497 [ 1] INFO  Unity: There are 2 audio listeners in the scene. Please ensure there is always exactly one audio listener in the scene.
2025-02-11 20:08:47,512 [ 1] INFO  Unity: There are 2 audio listeners in the scene. Please ensure there is always exactly one audio listener in the scene.
2025-02-11 20:08:47,514 [ 1] INFO  Unity: There are 2 audio listeners in the scene. Please ensure there is always exactly one audio listener in the scene.
2025-02-11 20:08:47,528 [ 1] INFO  Unity: There are 2 audio listeners in the scene. Please ensure there is always exactly one audio listener in the scene.
2025-02-11 20:08:47,530 [ 1] INFO  Unity: There are 2 audio listeners in the scene. Please ensure there is always exactly one audio listener in the scene.
2025-02-11 20:08:47,545 [ 1] INFO  Unity: There are 2 audio listeners in the scene. Please ensure there is always exactly one audio listener in the scene.
2025-02-11 20:08:47,547 [ 1] INFO  Unity: There are 2 audio listeners in the scene. Please ensure there is always exactly one audio listener in the scene.
2025-02-11 20:08:47,561 [ 1] INFO  Unity: There are 2 audio listeners in the scene. Please ensure there is always exactly one audio listener in the scene.
2025-02-11 20:08:47,564 [ 1] INFO  Unity: There are 2 audio listeners in the scene. Please ensure there is always exactly one audio listener in the scene.
2025-02-11 20:08:47,578 [ 1] INFO  Unity: There are 2 audio listeners in the scene. Please ensure there is always exactly one audio listener in the scene.
2025-02-11 20:08:47,580 [ 1] INFO  Unity: There are 2 audio listeners in the scene. Please ensure there is always exactly one audio listener in the scene.
2025-02-11 20:08:47,594 [ 1] INFO  Unity: There are 2 audio listeners in the scene. Please ensure there is always exactly one audio listener in the scene.
2025-02-11 20:08:47,597 [ 1] INFO  Unity: There are 2 audio listeners in the scene. Please ensure there is always exactly one audio listener in the scene.
2025-02-11 20:08:47,611 [ 1] INFO  Unity: There are 2 audio listeners in the scene. Please ensure there is always exactly one audio listener in the scene.
2025-02-11 20:08:47,613 [ 1] INFO  Unity: There are 2 audio listeners in the scene. Please ensure there is always exactly one audio listener in the scene.
2025-02-11 20:08:47,627 [ 1] INFO  Unity: There are 2 audio listeners in the scene. Please ensure there is always exactly one audio listener in the scene.
2025-02-11 20:08:47,629 [ 1] INFO  Unity: There are 2 audio listeners in the scene. Please ensure there is always exactly one audio listener in the scene.
2025-02-11 20:08:47,644 [ 1] INFO  Unity: There are 2 audio listeners in the scene. Please ensure there is always exactly one audio listener in the scene.
2025-02-11 20:08:47,646 [ 1] INFO  Unity: There are 2 audio listeners in the scene. Please ensure there is always exactly one audio listener in the scene.
2025-02-11 20:08:47,661 [ 1] INFO  Unity: There are 2 audio listeners in the scene. Please ensure there is always exactly one audio listener in the scene.
2025-02-11 20:08:47,665 [ 1] INFO  Unity: There are 2 audio listeners in the scene. Please ensure there is always exactly one audio listener in the scene.
2025-02-11 20:08:47,678 [ 1] INFO  Unity: There are 2 audio listeners in the scene. Please ensure there is always exactly one audio listener in the scene.
2025-02-11 20:08:47,680 [ 1] INFO  Unity: There are 2 audio listeners in the scene. Please ensure there is always exactly one audio listener in the scene.
2025-02-11 20:08:47,694 [ 1] INFO  Unity: There are 2 audio listeners in the scene. Please ensure there is always exactly one audio listener in the scene.
2025-02-11 20:08:47,696 [ 1] INFO  Unity: There are 2 audio listeners in the scene. Please ensure there is always exactly one audio listener in the scene.
2025-02-11 20:08:47,711 [ 1] INFO  Unity: There are 2 audio listeners in the scene. Please ensure there is always exactly one audio listener in the scene.
2025-02-11 20:08:47,713 [ 1] INFO  Unity: There are 2 audio listeners in the scene. Please ensure there is always exactly one audio listener in the scene.
2025-02-11 20:08:47,727 [ 1] INFO  Unity: There are 2 audio listeners in the scene. Please ensure there is always exactly one audio listener in the scene.
2025-02-11 20:08:47,729 [ 1] INFO  Unity: There are 2 audio listeners in the scene. Please ensure there is always exactly one audio listener in the scene.
2025-02-11 20:08:47,743 [ 1] INFO  Unity: There are 2 audio listeners in the scene. Please ensure there is always exactly one audio listener in the scene.
2025-02-11 20:08:47,746 [ 1] INFO  Unity: There are 2 audio listeners in the scene. Please ensure there is always exactly one audio listener in the scene.
2025-02-11 20:08:47,760 [ 1] INFO  Unity: There are 2 audio listeners in the scene. Please ensure there is always exactly one audio listener in the scene.
2025-02-11 20:08:47,762 [ 1] INFO  Unity: There are 2 audio listeners in the scene. Please ensure there is always exactly one audio listener in the scene.
2025-02-11 20:08:47,777 [ 1] INFO  Unity: There are 2 audio listeners in the scene. Please ensure there is always exactly one audio listener in the scene.
2025-02-11 20:08:47,778 [ 1] INFO  Unity: There are 2 audio listeners in the scene. Please ensure there is always exactly one audio listener in the scene.
2025-02-11 20:08:47,794 [ 1] INFO  Unity: There are 2 audio listeners in the scene. Please ensure there is always exactly one audio listener in the scene.
2025-02-11 20:08:47,796 [ 1] INFO  Unity: There are 2 audio listeners in the scene. Please ensure there is always exactly one audio listener in the scene.
2025-02-11 20:08:47,810 [ 1] INFO  Unity: There are 2 audio listeners in the scene. Please ensure there is always exactly one audio listener in the scene.
2025-02-11 20:08:47,815 [ 1] INFO  Unity: There are 2 audio listeners in the scene. Please ensure there is always exactly one audio listener in the scene.
2025-02-11 20:08:47,827 [ 1] INFO  Unity: There are 2 audio listeners in the scene. Please ensure there is always exactly one audio listener in the scene.
2025-02-11 20:08:47,828 [ 1] INFO  Unity: There are 2 audio listeners in the scene. Please ensure there is always exactly one audio listener in the scene.
2025-02-11 20:08:47,843 [ 1] INFO  Unity: There are 2 audio listeners in the scene. Please ensure there is always exactly one audio listener in the scene.
2025-02-11 20:08:47,847 [ 1] INFO  Unity: There are 2 audio listeners in the scene. Please ensure there is always exactly one audio listener in the scene.
2025-02-11 20:08:47,859 [ 1] INFO  Unity: There are 2 audio listeners in the scene. Please ensure there is always exactly one audio listener in the scene.
2025-02-11 20:08:47,861 [ 1] INFO  Unity: There are 2 audio listeners in the scene. Please ensure there is always exactly one audio listener in the scene.
2025-02-11 20:08:47,876 [ 1] INFO  Unity: There are 2 audio listeners in the scene. Please ensure there is always exactly one audio listener in the scene.
2025-02-11 20:08:47,878 [ 1] INFO  Unity: There are 2 audio listeners in the scene. Please ensure there is always exactly one audio listener in the scene.
2025-02-11 20:08:47,893 [ 1] INFO  Unity: There are 2 audio listeners in the scene. Please ensure there is always exactly one audio listener in the scene.
2025-02-11 20:08:47,895 [ 1] INFO  Unity: There are 2 audio listeners in the scene. Please ensure there is always exactly one audio listener in the scene.
2025-02-11 20:08:47,909 [ 1] INFO  Unity: There are 2 audio listeners in the scene. Please ensure there is always exactly one audio listener in the scene.
2025-02-11 20:08:47,913 [ 1] INFO  Unity: There are 2 audio listeners in the scene. Please ensure there is always exactly one audio listener in the scene.
2025-02-11 20:08:47,926 [ 1] INFO  Unity: There are 2 audio listeners in the scene. Please ensure there is always exactly one audio listener in the scene.
2025-02-11 20:08:47,928 [ 1] INFO  Unity: There are 2 audio listeners in the scene. Please ensure there is always exactly one audio listener in the scene.
2025-02-11 20:08:47,942 [ 1] INFO  Unity: There are 2 audio listeners in the scene. Please ensure there is always exactly one audio listener in the scene.
2025-02-11 20:08:47,944 [ 1] INFO  Unity: There are 2 audio listeners in the scene. Please ensure there is always exactly one audio listener in the scene.
2025-02-11 20:08:47,959 [ 1] INFO  Unity: There are 2 audio listeners in the scene. Please ensure there is always exactly one audio listener in the scene.
2025-02-11 20:08:47,962 [ 1] INFO  Unity: There are 2 audio listeners in the scene. Please ensure there is always exactly one audio listener in the scene.
2025-02-11 20:08:47,975 [ 1] INFO  Unity: There are 2 audio listeners in the scene. Please ensure there is always exactly one audio listener in the scene.
2025-02-11 20:08:47,977 [ 1] INFO  Unity: There are 2 audio listeners in the scene. Please ensure there is always exactly one audio listener in the scene.
2025-02-11 20:08:47,992 [ 1] INFO  Unity: There are 2 audio listeners in the scene. Please ensure there is always exactly one audio listener in the scene.
2025-02-11 20:08:47,995 [ 1] INFO  Unity: There are 2 audio listeners in the scene. Please ensure there is always exactly one audio listener in the scene.
2025-02-11 20:08:48,008 [ 1] INFO  Unity: There are 2 audio listeners in the scene. Please ensure there is always exactly one audio listener in the scene.
2025-02-11 20:08:48,011 [ 1] INFO  Unity: There are 2 audio listeners in the scene. Please ensure there is always exactly one audio listener in the scene.
2025-02-11 20:08:48,025 [ 1] INFO  Unity: There are 2 audio listeners in the scene. Please ensure there is always exactly one audio listener in the scene.
2025-02-11 20:08:48,028 [ 1] INFO  Unity: There are 2 audio listeners in the scene. Please ensure there is always exactly one audio listener in the scene.
2025-02-11 20:08:48,042 [ 1] INFO  Unity: There are 2 audio listeners in the scene. Please ensure there is always exactly one audio listener in the scene.
2025-02-11 20:08:48,044 [ 1] INFO  Unity: There are 2 audio listeners in the scene. Please ensure there is always exactly one audio listener in the scene.
2025-02-11 20:08:48,059 [ 1] INFO  Unity: There are 2 audio listeners in the scene. Please ensure there is always exactly one audio listener in the scene.
2025-02-11 20:08:48,062 [ 1] INFO  Unity: There are 2 audio listeners in the scene. Please ensure there is always exactly one audio listener in the scene.
2025-02-11 20:08:48,075 [ 1] INFO  Unity: There are 2 audio listeners in the scene. Please ensure there is always exactly one audio listener in the scene.
2025-02-11 20:08:48,078 [ 1] INFO  Unity: There are 2 audio listeners in the scene. Please ensure there is always exactly one audio listener in the scene.
2025-02-11 20:08:48,091 [ 1] INFO  Unity: There are 2 audio listeners in the scene. Please ensure there is always exactly one audio listener in the scene.
2025-02-11 20:08:48,092 [ 1] INFO  Unity: There are 2 audio listeners in the scene. Please ensure there is always exactly one audio listener in the scene.
2025-02-11 20:08:48,108 [ 1] INFO  Unity: There are 2 audio listeners in the scene. Please ensure there is always exactly one audio listener in the scene.
2025-02-11 20:08:48,110 [ 1] INFO  Unity: There are 2 audio listeners in the scene. Please ensure there is always exactly one audio listener in the scene.
2025-02-11 20:08:48,125 [ 1] INFO  Unity: There are 2 audio listeners in the scene. Please ensure there is always exactly one audio listener in the scene.
2025-02-11 20:08:48,127 [ 1] INFO  Unity: There are 2 audio listeners in the scene. Please ensure there is always exactly one audio listener in the scene.
2025-02-11 20:08:48,142 [ 1] INFO  Unity: There are 2 audio listeners in the scene. Please ensure there is always exactly one audio listener in the scene.
2025-02-11 20:08:48,144 [ 1] INFO  Unity: There are 2 audio listeners in the scene. Please ensure there is always exactly one audio listener in the scene.
2025-02-11 20:08:48,158 [ 1] INFO  Unity: There are 2 audio listeners in the scene. Please ensure there is always exactly one audio listener in the scene.
2025-02-11 20:08:48,165 [ 1] INFO  Unity: UserGameEnterRequest::characterID: 0
2025-02-11 20:08:48,168 [ 1] INFO  Unity: There are 2 audio listeners in the scene. Please ensure there is always exactly one audio listener in the scene.
2025-02-11 20:08:48,175 [ 1] INFO  Unity: There are 2 audio listeners in the scene. Please ensure there is always exactly one audio listener in the scene.
2025-02-11 20:08:48,177 [ 1] INFO  Unity: There are 2 audio listeners in the scene. Please ensure there is always exactly one audio listener in the scene.
2025-02-11 20:08:48,191 [ 1] INFO  Unity: There are 2 audio listeners in the scene. Please ensure there is always exactly one audio listener in the scene.
2025-02-11 20:08:48,201 [ 1] INFO  Unity: OnEnterGame:id  Success 
2025-02-11 20:08:48,204 [ 1] INFO  Unity: ItemManager:Init[ID：1，Count: 4]
2025-02-11 20:08:48,206 [ 1] INFO  Unity: ItemManager:Init[ID：2，Count: 100]
2025-02-11 20:08:48,207 [ 1] INFO  Unity: ItemManager:Init[ID：3，Count: 25]
2025-02-11 20:08:48,207 [ 1] INFO  Unity: ItemManager:Init[ID：4，Count: 120]
2025-02-11 20:08:48,209 [ 1] INFO  Unity: OnMapCharacterEnter:Map 1 Count: 1
2025-02-11 20:08:48,211 [ 1] INFO  Unity: AddCharacter:7:1 Map:1 Entity:(7:pos:(5000,4000,820),dir:(100,0,0),spd:0
2025-02-11 20:08:48,212 [ 1] INFO  Unity: LoadLevel: MainCity
2025-02-11 20:08:48,213 [ 1] INFO  Unity: OnCharacterEnter :1
2025-02-11 20:08:48,213 [ 1] INFO  Unity: LoadLevel: MainCity
2025-02-11 20:08:48,550 [ 1] INFO  Unity: There are 2 audio listeners in the scene. Please ensure there is always exactly one audio listener in the scene.
2025-02-11 20:08:48,578 [ 1] INFO  Unity: There are 2 audio listeners in the scene. Please ensure there is always exactly one audio listener in the scene.
2025-02-11 20:08:48,579 [ 1] INFO  Unity: There are 2 audio listeners in the scene. Please ensure there is always exactly one audio listener in the scene.
2025-02-11 20:08:48,579 [ 1] INFO  Unity: There are 2 audio listeners in the scene. Please ensure there is always exactly one audio listener in the scene.
2025-02-11 20:08:48,579 [ 1] INFO  Unity: There are 2 audio listeners in the scene. Please ensure there is always exactly one audio listener in the scene.
2025-02-11 20:08:48,580 [ 1] INFO  Unity: There are 2 audio listeners in the scene. Please ensure there is always exactly one audio listener in the scene.
2025-02-11 20:08:48,580 [ 1] INFO  Unity: There are 2 audio listeners in the scene. Please ensure there is always exactly one audio listener in the scene.
2025-02-11 20:08:48,581 [ 1] INFO  Unity: There are 2 audio listeners in the scene. Please ensure there is always exactly one audio listener in the scene.
2025-02-11 20:08:48,596 [ 1] INFO  Unity: There are 2 audio listeners in the scene. Please ensure there is always exactly one audio listener in the scene.
2025-02-11 20:08:48,598 [ 1] INFO  Unity: There are 2 audio listeners in the scene. Please ensure there is always exactly one audio listener in the scene.
2025-02-11 20:08:48,613 [ 1] INFO  Unity: There are 2 audio listeners in the scene. Please ensure there is always exactly one audio listener in the scene.
2025-02-11 20:08:48,615 [ 1] INFO  Unity: There are 2 audio listeners in the scene. Please ensure there is always exactly one audio listener in the scene.
2025-02-11 20:08:48,628 [ 1] INFO  Unity: There are 2 audio listeners in the scene. Please ensure there is always exactly one audio listener in the scene.
2025-02-11 20:08:48,632 [ 1] INFO  Unity: There are 2 audio listeners in the scene. Please ensure there is always exactly one audio listener in the scene.
2025-02-11 20:08:48,645 [ 1] INFO  Unity: There are 2 audio listeners in the scene. Please ensure there is always exactly one audio listener in the scene.
2025-02-11 20:08:48,648 [ 1] INFO  Unity: There are 2 audio listeners in the scene. Please ensure there is always exactly one audio listener in the scene.
2025-02-11 20:08:48,658 [ 1] INFO  Unity: There are 2 audio listeners in the scene. Please ensure there is always exactly one audio listener in the scene.
2025-02-11 20:08:48,659 [ 1] INFO  Unity: There are 2 audio listeners in the scene. Please ensure there is always exactly one audio listener in the scene.
2025-02-11 20:08:48,765 [ 1] WARN  Unity: Asset 'EvilMage': Transition 'SenseSomethingST -> IdleNormal' in state 'SenseSomethingST' doesn't have an Exit Time or any condition, transition will be ignored

2025-02-11 20:08:48,810 [ 1] INFO  Unity: LevelLoadCompleted:1
2025-02-11 20:08:48,811 [ 1] INFO  Unity: 传送点脚本初始化
2025-02-11 20:08:48,811 [ 1] INFO  Unity: 传送点脚本初始化
2025-02-11 20:08:48,811 [ 1] INFO  Unity: 传送点脚本初始化
2025-02-11 20:08:48,811 [ 1] INFO  Unity: 传送点脚本初始化
2025-02-11 20:08:49,194 [ 1] INFO  Unity: LevelLoadCompleted:1
2025-02-11 20:08:49,194 [ 1] INFO  Unity: 传送点脚本初始化
2025-02-11 20:08:49,194 [ 1] INFO  Unity: 传送点脚本初始化
2025-02-11 20:08:49,195 [ 1] INFO  Unity: 传送点脚本初始化
2025-02-11 20:08:49,195 [ 1] INFO  Unity: 传送点脚本初始化
2025-02-11 20:08:52,319 [ 1] INFO  Unity: MoveForward
2025-02-11 20:08:52,821 [ 1] INFO  Unity: Stop
2025-02-11 20:08:53,211 [ 1] INFO  Unity: MoveForward
2025-02-11 20:08:54,036 [ 1] INFO  Unity: Stop
2025-02-11 20:08:54,808 [ 1] INFO  Unity: MoveForward
2025-02-11 20:08:56,103 [ 1] INFO  Unity: Stop
2025-02-11 20:08:57,814 [ 1] INFO  Unity: MoveForward
2025-02-11 20:08:58,179 [ 1] INFO  Unity: Stop
2025-02-11 20:08:58,703 [ 1] INFO  Unity: MoveForward
2025-02-11 20:09:01,329 [ 1] INFO  Unity: Stop
2025-02-11 20:09:28,741 [ 1] INFO  Unity: MoveForward
2025-02-11 20:09:39,347 [ 1] INFO  Unity: Stop
2025-02-11 20:09:45,972 [ 1] INFO  Unity: OnDestroy NetworkManager.
2025-02-11 20:09:45,974 [ 1] WARN  Unity: CloseConnection(), errorCode: 1007
UnityEngine.Debug:LogWarning(Object)
Network.NetClient:CloseConnection(Int32) (at Assets/Scripts/Network/NetClient.cs:182)
Network.NetClient:OnDestroy() (at Assets/Scripts/Network/NetClient.cs:177)

2025-02-11 20:09:45,986 [ 1] INFO  Unity: Character_7_1 OnDestroy :ID:7 POS:(5085, 2722, 807) DIR:(-100, -9, 0) SPD:0 
